C51 COMPILER V9.60.0.0   14_PWM_TIMER_200MSEC_CYCLE                                        05/03/2020 19:54:50 PAGE 1   


C51 COMPILER V9.60.0.0, COMPILATION OF MODULE 14_PWM_TIMER_200MSEC_CYCLE
OBJECT MODULE PLACED IN .\Objects\14_PWM_Timer_200msec_cycle.obj
COMPILER INVOKED BY: C:\Keil_v5\C51\BIN\C51.EXE 14_PWM_Timer_200msec_cycle.c OPTIMIZE(8,SPEED) BROWSE DEBUG OBJECTEXTEND
                    - PRINT(.\Listings\14_PWM_Timer_200msec_cycle.lst) TABS(2) OBJECT(.\Objects\14_PWM_Timer_200msec_cycle.obj)

line level    source

   1          #include<reg51.h>
   2          sbit PWM = P1^0;
   3          void T0M1Delay(unsigned int x);
   4          void main(void)
   5          {
   6   1        while(1) //loop to create 100msec ON time and 100msec OFF time
   7   1        {
   8   2          PWM = 1;
   9   2          T0M1Delay(5);  // for 50% dutycycle @ 200msec cycle use (10+10)*10msec for 25% (5+15) modify line no 9 T
             -0M1Delay(5) and modify line no 11 as T0M1Delay(15);
  10   2          PWM = 0;
  11   2          T0M1Delay(15);   
  12   2        }
  13   1      }
  14          void T0M1Delay(unsigned int x) //function to create 10msec delay 
  15          {
  16   1        unsigned int a;
  17   1        for(a=0;a<x;a++)
  18   1        {
  19   2        TMOD = 0x01;
  20   2        TH0 = 0xD8;       //0XD8F0 FOR 10msec delay @12MHz Oscillator frquency
  21   2        TL0 = 0xF0;
  22   2        TR0 = 1;
  23   2        while(TF0 == 0);
  24   2        TR0 = 0;
  25   2        TF0 = 0;
  26   2        }
  27   1      }


MODULE INFORMATION:   STATIC OVERLAYABLE
   CODE SIZE        =     56    ----
   CONSTANT SIZE    =   ----    ----
   XDATA SIZE       =   ----    ----
   PDATA SIZE       =   ----    ----
   DATA SIZE        =   ----    ----
   IDATA SIZE       =   ----    ----
   BIT SIZE         =   ----    ----
END OF MODULE INFORMATION.


C51 COMPILATION COMPLETE.  0 WARNING(S),  0 ERROR(S)
